0 info it worked if it ends with ok
1 verbose cli [ '/usr/local/bin/node',
1 verbose cli   '/usr/local/bin/npm',
1 verbose cli   'install',
1 verbose cli   'material-ui@nextls' ]
2 info using npm@3.10.10
3 info using node@v6.11.2
4 silly loadCurrentTree Starting
5 silly install loadCurrentTree
6 silly install readLocalPackageData
7 silly fetchPackageMetaData material-ui@nextls
8 silly fetchNamedPackageData material-ui
9 silly mapToRegistry name material-ui
10 silly mapToRegistry using default registry
11 silly mapToRegistry registry https://registry.npmjs.org/
12 silly mapToRegistry data Result {
12 silly mapToRegistry   raw: 'material-ui',
12 silly mapToRegistry   scope: null,
12 silly mapToRegistry   escapedName: 'material-ui',
12 silly mapToRegistry   name: 'material-ui',
12 silly mapToRegistry   rawSpec: '',
12 silly mapToRegistry   spec: 'latest',
12 silly mapToRegistry   type: 'tag' }
13 silly mapToRegistry uri https://registry.npmjs.org/material-ui
14 verbose request uri https://registry.npmjs.org/material-ui
15 verbose request no auth needed
16 info attempt registry request try #1 at 7:14:41 PM
17 verbose request id 1d402fd64f2f62ba
18 verbose etag W/"59b51fc2-3ab20"
19 verbose lastModified Sun, 10 Sep 2017 11:19:30 GMT
20 http request GET https://registry.npmjs.org/material-ui
21 http 304 https://registry.npmjs.org/material-ui
22 verbose headers { date: 'Tue, 12 Sep 2017 01:14:41 GMT',
22 verbose headers   via: '1.1 varnish',
22 verbose headers   'cache-control': 'max-age=300',
22 verbose headers   etag: 'W/"59b51fc2-3ab20"',
22 verbose headers   age: '0',
22 verbose headers   connection: 'keep-alive',
22 verbose headers   'x-served-by': 'cache-dfw1830-DFW',
22 verbose headers   'x-cache': 'HIT',
22 verbose headers   'x-cache-hits': '1',
22 verbose headers   'x-timer': 'S1505178882.632973,VS0,VE166',
22 verbose headers   vary: 'Accept-Encoding, Accept' }
23 silly get cb [ 304,
23 silly get   { date: 'Tue, 12 Sep 2017 01:14:41 GMT',
23 silly get     via: '1.1 varnish',
23 silly get     'cache-control': 'max-age=300',
23 silly get     etag: 'W/"59b51fc2-3ab20"',
23 silly get     age: '0',
23 silly get     connection: 'keep-alive',
23 silly get     'x-served-by': 'cache-dfw1830-DFW',
23 silly get     'x-cache': 'HIT',
23 silly get     'x-cache-hits': '1',
23 silly get     'x-timer': 'S1505178882.632973,VS0,VE166',
23 silly get     vary: 'Accept-Encoding, Accept' } ]
24 verbose etag https://registry.npmjs.org/material-ui from cache
25 verbose get saving material-ui to /Users/n00b/.npm/registry.npmjs.org/material-ui/.cache.json
26 verbose correctMkdir /Users/n00b/.npm correctMkdir not in flight; initializing
27 silly fetchNamedPackageData No valid target from cache, forcing network
28 verbose request uri https://registry.npmjs.org/material-ui
29 verbose request no auth needed
30 info attempt registry request try #1 at 7:14:41 PM
31 http request GET https://registry.npmjs.org/material-ui
32 http 200 https://registry.npmjs.org/material-ui
33 verbose headers { server: 'nginx/1.10.1',
33 verbose headers   'content-type': 'application/json',
33 verbose headers   'last-modified': 'Sun, 10 Sep 2017 11:19:30 GMT',
33 verbose headers   etag: 'W/"59b51fc2-3ab20"',
33 verbose headers   'content-encoding': 'gzip',
33 verbose headers   'cache-control': 'max-age=300',
33 verbose headers   'content-length': '20107',
33 verbose headers   'accept-ranges': 'bytes',
33 verbose headers   date: 'Tue, 12 Sep 2017 01:14:41 GMT',
33 verbose headers   via: '1.1 varnish',
33 verbose headers   age: '0',
33 verbose headers   connection: 'keep-alive',
33 verbose headers   'x-served-by': 'cache-dfw1830-DFW',
33 verbose headers   'x-cache': 'HIT',
33 verbose headers   'x-cache-hits': '2',
33 verbose headers   'x-timer': 'S1505178882.945550,VS0,VE0',
33 verbose headers   vary: 'Accept-Encoding, Accept' }
34 silly get cb [ 200,
34 silly get   { server: 'nginx/1.10.1',
34 silly get     'content-type': 'application/json',
34 silly get     'last-modified': 'Sun, 10 Sep 2017 11:19:30 GMT',
34 silly get     etag: 'W/"59b51fc2-3ab20"',
34 silly get     'content-encoding': 'gzip',
34 silly get     'cache-control': 'max-age=300',
34 silly get     'content-length': '20107',
34 silly get     'accept-ranges': 'bytes',
34 silly get     date: 'Tue, 12 Sep 2017 01:14:41 GMT',
34 silly get     via: '1.1 varnish',
34 silly get     age: '0',
34 silly get     connection: 'keep-alive',
34 silly get     'x-served-by': 'cache-dfw1830-DFW',
34 silly get     'x-cache': 'HIT',
34 silly get     'x-cache-hits': '2',
34 silly get     'x-timer': 'S1505178882.945550,VS0,VE0',
34 silly get     vary: 'Accept-Encoding, Accept' } ]
35 verbose get saving material-ui to /Users/n00b/.npm/registry.npmjs.org/material-ui/.cache.json
36 verbose correctMkdir /Users/n00b/.npm correctMkdir not in flight; initializing
37 silly fetchPackageMetaData Error: No compatible version found: material-ui@nextls
37 silly fetchPackageMetaData Valid install targets:
37 silly fetchPackageMetaData 1.0.0-beta.9, 1.0.0-beta.8, 1.0.0-beta.7, 1.0.0-beta.6, 1.0.0-beta.5, 1.0.0-beta.4, 1.0.0-beta.3, 1.0.0-beta.2, 1.0.0-alpha.22, 1.0.0-alpha.21, 1.0.0-alpha.20, 1.0.0-alpha.19, 1.0.0-alpha.18, 1.0.0-alpha.17, 1.0.0-alpha.16, 1.0.0-alpha.15, 1.0.0-alpha.14, 1.0.0-alpha.13, 1.0.0-alpha.12, 1.0.0-alpha.11, 1.0.0-alpha.10, 1.0.0-alpha.9, 1.0.0-alpha.8, 1.0.0-alpha.7, 1.0.0-alpha.6, 1.0.0-alpha.5, 1.0.0-alpha.4, 1.0.0-alpha.3, 1.0.0-alpha.2, 1.0.0-alpha.1, 0.19.1, 0.19.0, 0.18.7, 0.18.6, 0.18.5, 0.18.4, 0.18.3, 0.18.2, 0.18.1, 0.18.0, 0.17.4, 0.17.3, 0.17.2, 0.17.1, 0.17.0, 0.16.7, 0.16.6, 0.16.5, 0.16.4, 0.16.3, 0.16.2, 0.16.1, 0.16.0, 0.16.0-rc2, 0.16.0-rc1, 0.16.0-alpha, 0.15.4, 0.15.3, 0.15.2, 0.15.1, 0.15.0, 0.15.0-beta.2, 0.15.0-beta.1, 0.15.0-alpha.2, 0.15.0-alpha.1, 0.14.4, 0.14.3, 0.14.2, 0.14.1, 0.14.0, 0.14.0-rc2, 0.14.0-rc1, 0.13.4, 0.13.3, 0.13.2, 0.13.1, 0.13.0, 0.12.5, 0.12.4, 0.12.3, 0.12.2, 0.12.1, 0.12.0, 0.11.1, 0.11.0, 0.10.4, 0.10.3, 0.10.2, 0.10.1, 0.10.0, 0.9.2, 0.9.1, 0.9.0, 0.8.0, 0.7.5, 0.7.4, 0.7.3, 0.7.2, 0.7.1, 0.7.0, 0.6.1, 0.6.0, 0.5.0, 0.4.1, 0.4.0, 0.3.3, 0.3.2, 0.3.1, 0.3.0, 0.2.2, 0.2.1, 0.2.0, 0.1.30, 0.1.29, 0.1.28, 0.1.27, 0.1.26, 0.1.25, 0.1.24, 0.1.23, 0.1.22, 0.1.21, 0.1.2, 0.1.1, 0.1.0
37 silly fetchPackageMetaData
37 silly fetchPackageMetaData     at pickVersionFromRegistryDocument (/usr/local/lib/node_modules/npm/lib/fetch-package-metadata.js:178:16)
37 silly fetchPackageMetaData     at /usr/local/lib/node_modules/npm/node_modules/iferr/index.js:13:50
37 silly fetchPackageMetaData     at /usr/local/lib/node_modules/npm/lib/utils/pulse-till-done.js:20:8
37 silly fetchPackageMetaData     at saved (/usr/local/lib/node_modules/npm/lib/cache/caching-client.js:174:7)
37 silly fetchPackageMetaData     at /usr/local/lib/node_modules/npm/node_modules/graceful-fs/polyfills.js:241:18
37 silly fetchPackageMetaData     at FSReqWrap.oncomplete (fs.js:123:15)
37 silly fetchPackageMetaData  error for material-ui@nextls { Error: No compatible version found: material-ui@nextls
37 silly fetchPackageMetaData Valid install targets:
37 silly fetchPackageMetaData 1.0.0-beta.9, 1.0.0-beta.8, 1.0.0-beta.7, 1.0.0-beta.6, 1.0.0-beta.5, 1.0.0-beta.4, 1.0.0-beta.3, 1.0.0-beta.2, 1.0.0-alpha.22, 1.0.0-alpha.21, 1.0.0-alpha.20, 1.0.0-alpha.19, 1.0.0-alpha.18, 1.0.0-alpha.17, 1.0.0-alpha.16, 1.0.0-alpha.15, 1.0.0-alpha.14, 1.0.0-alpha.13, 1.0.0-alpha.12, 1.0.0-alpha.11, 1.0.0-alpha.10, 1.0.0-alpha.9, 1.0.0-alpha.8, 1.0.0-alpha.7, 1.0.0-alpha.6, 1.0.0-alpha.5, 1.0.0-alpha.4, 1.0.0-alpha.3, 1.0.0-alpha.2, 1.0.0-alpha.1, 0.19.1, 0.19.0, 0.18.7, 0.18.6, 0.18.5, 0.18.4, 0.18.3, 0.18.2, 0.18.1, 0.18.0, 0.17.4, 0.17.3, 0.17.2, 0.17.1, 0.17.0, 0.16.7, 0.16.6, 0.16.5, 0.16.4, 0.16.3, 0.16.2, 0.16.1, 0.16.0, 0.16.0-rc2, 0.16.0-rc1, 0.16.0-alpha, 0.15.4, 0.15.3, 0.15.2, 0.15.1, 0.15.0, 0.15.0-beta.2, 0.15.0-beta.1, 0.15.0-alpha.2, 0.15.0-alpha.1, 0.14.4, 0.14.3, 0.14.2, 0.14.1, 0.14.0, 0.14.0-rc2, 0.14.0-rc1, 0.13.4, 0.13.3, 0.13.2, 0.13.1, 0.13.0, 0.12.5, 0.12.4, 0.12.3, 0.12.2, 0.12.1, 0.12.0, 0.11.1, 0.11.0, 0.10.4, 0.10.3, 0.10.2, 0.10.1, 0.10.0, 0.9.2, 0.9.1, 0.9.0, 0.8.0, 0.7.5, 0.7.4, 0.7.3, 0.7.2, 0.7.1, 0.7.0, 0.6.1, 0.6.0, 0.5.0, 0.4.1, 0.4.0, 0.3.3, 0.3.2, 0.3.1, 0.3.0, 0.2.2, 0.2.1, 0.2.0, 0.1.30, 0.1.29, 0.1.28, 0.1.27, 0.1.26, 0.1.25, 0.1.24, 0.1.23, 0.1.22, 0.1.21, 0.1.2, 0.1.1, 0.1.0
37 silly fetchPackageMetaData
37 silly fetchPackageMetaData     at pickVersionFromRegistryDocument (/usr/local/lib/node_modules/npm/lib/fetch-package-metadata.js:178:16)
37 silly fetchPackageMetaData     at /usr/local/lib/node_modules/npm/node_modules/iferr/index.js:13:50
37 silly fetchPackageMetaData     at /usr/local/lib/node_modules/npm/lib/utils/pulse-till-done.js:20:8
37 silly fetchPackageMetaData     at saved (/usr/local/lib/node_modules/npm/lib/cache/caching-client.js:174:7)
37 silly fetchPackageMetaData     at /usr/local/lib/node_modules/npm/node_modules/graceful-fs/polyfills.js:241:18
37 silly fetchPackageMetaData     at FSReqWrap.oncomplete (fs.js:123:15) code: 'ETARGET' }
38 silly rollbackFailedOptional Starting
39 silly rollbackFailedOptional Finishing
40 silly runTopLevelLifecycles Finishing
41 silly install printInstalled
42 verbose stack Error: No compatible version found: material-ui@nextls
42 verbose stack Valid install targets:
42 verbose stack 1.0.0-beta.9, 1.0.0-beta.8, 1.0.0-beta.7, 1.0.0-beta.6, 1.0.0-beta.5, 1.0.0-beta.4, 1.0.0-beta.3, 1.0.0-beta.2, 1.0.0-alpha.22, 1.0.0-alpha.21, 1.0.0-alpha.20, 1.0.0-alpha.19, 1.0.0-alpha.18, 1.0.0-alpha.17, 1.0.0-alpha.16, 1.0.0-alpha.15, 1.0.0-alpha.14, 1.0.0-alpha.13, 1.0.0-alpha.12, 1.0.0-alpha.11, 1.0.0-alpha.10, 1.0.0-alpha.9, 1.0.0-alpha.8, 1.0.0-alpha.7, 1.0.0-alpha.6, 1.0.0-alpha.5, 1.0.0-alpha.4, 1.0.0-alpha.3, 1.0.0-alpha.2, 1.0.0-alpha.1, 0.19.1, 0.19.0, 0.18.7, 0.18.6, 0.18.5, 0.18.4, 0.18.3, 0.18.2, 0.18.1, 0.18.0, 0.17.4, 0.17.3, 0.17.2, 0.17.1, 0.17.0, 0.16.7, 0.16.6, 0.16.5, 0.16.4, 0.16.3, 0.16.2, 0.16.1, 0.16.0, 0.16.0-rc2, 0.16.0-rc1, 0.16.0-alpha, 0.15.4, 0.15.3, 0.15.2, 0.15.1, 0.15.0, 0.15.0-beta.2, 0.15.0-beta.1, 0.15.0-alpha.2, 0.15.0-alpha.1, 0.14.4, 0.14.3, 0.14.2, 0.14.1, 0.14.0, 0.14.0-rc2, 0.14.0-rc1, 0.13.4, 0.13.3, 0.13.2, 0.13.1, 0.13.0, 0.12.5, 0.12.4, 0.12.3, 0.12.2, 0.12.1, 0.12.0, 0.11.1, 0.11.0, 0.10.4, 0.10.3, 0.10.2, 0.10.1, 0.10.0, 0.9.2, 0.9.1, 0.9.0, 0.8.0, 0.7.5, 0.7.4, 0.7.3, 0.7.2, 0.7.1, 0.7.0, 0.6.1, 0.6.0, 0.5.0, 0.4.1, 0.4.0, 0.3.3, 0.3.2, 0.3.1, 0.3.0, 0.2.2, 0.2.1, 0.2.0, 0.1.30, 0.1.29, 0.1.28, 0.1.27, 0.1.26, 0.1.25, 0.1.24, 0.1.23, 0.1.22, 0.1.21, 0.1.2, 0.1.1, 0.1.0
42 verbose stack
42 verbose stack     at pickVersionFromRegistryDocument (/usr/local/lib/node_modules/npm/lib/fetch-package-metadata.js:178:16)
42 verbose stack     at /usr/local/lib/node_modules/npm/node_modules/iferr/index.js:13:50
42 verbose stack     at /usr/local/lib/node_modules/npm/lib/utils/pulse-till-done.js:20:8
42 verbose stack     at saved (/usr/local/lib/node_modules/npm/lib/cache/caching-client.js:174:7)
42 verbose stack     at /usr/local/lib/node_modules/npm/node_modules/graceful-fs/polyfills.js:241:18
42 verbose stack     at FSReqWrap.oncomplete (fs.js:123:15)
43 verbose cwd /Users/n00b/Documents/workspace/screenmedic
44 error Darwin 16.7.0
45 error argv "/usr/local/bin/node" "/usr/local/bin/npm" "install" "material-ui@nextls"
46 error node v6.11.2
47 error npm  v3.10.10
48 error code ETARGET
49 error notarget No compatible version found: material-ui@nextls
49 error notarget Valid install targets:
49 error notarget 1.0.0-beta.9, 1.0.0-beta.8, 1.0.0-beta.7, 1.0.0-beta.6, 1.0.0-beta.5, 1.0.0-beta.4, 1.0.0-beta.3, 1.0.0-beta.2, 1.0.0-alpha.22, 1.0.0-alpha.21, 1.0.0-alpha.20, 1.0.0-alpha.19, 1.0.0-alpha.18, 1.0.0-alpha.17, 1.0.0-alpha.16, 1.0.0-alpha.15, 1.0.0-alpha.14, 1.0.0-alpha.13, 1.0.0-alpha.12, 1.0.0-alpha.11, 1.0.0-alpha.10, 1.0.0-alpha.9, 1.0.0-alpha.8, 1.0.0-alpha.7, 1.0.0-alpha.6, 1.0.0-alpha.5, 1.0.0-alpha.4, 1.0.0-alpha.3, 1.0.0-alpha.2, 1.0.0-alpha.1, 0.19.1, 0.19.0, 0.18.7, 0.18.6, 0.18.5, 0.18.4, 0.18.3, 0.18.2, 0.18.1, 0.18.0, 0.17.4, 0.17.3, 0.17.2, 0.17.1, 0.17.0, 0.16.7, 0.16.6, 0.16.5, 0.16.4, 0.16.3, 0.16.2, 0.16.1, 0.16.0, 0.16.0-rc2, 0.16.0-rc1, 0.16.0-alpha, 0.15.4, 0.15.3, 0.15.2, 0.15.1, 0.15.0, 0.15.0-beta.2, 0.15.0-beta.1, 0.15.0-alpha.2, 0.15.0-alpha.1, 0.14.4, 0.14.3, 0.14.2, 0.14.1, 0.14.0, 0.14.0-rc2, 0.14.0-rc1, 0.13.4, 0.13.3, 0.13.2, 0.13.1, 0.13.0, 0.12.5, 0.12.4, 0.12.3, 0.12.2, 0.12.1, 0.12.0, 0.11.1, 0.11.0, 0.10.4, 0.10.3, 0.10.2, 0.10.1, 0.10.0, 0.9.2, 0.9.1, 0.9.0, 0.8.0, 0.7.5, 0.7.4, 0.7.3, 0.7.2, 0.7.1, 0.7.0, 0.6.1, 0.6.0, 0.5.0, 0.4.1, 0.4.0, 0.3.3, 0.3.2, 0.3.1, 0.3.0, 0.2.2, 0.2.1, 0.2.0, 0.1.30, 0.1.29, 0.1.28, 0.1.27, 0.1.26, 0.1.25, 0.1.24, 0.1.23, 0.1.22, 0.1.21, 0.1.2, 0.1.1, 0.1.0
50 error notarget This is most likely not a problem with npm itself.
50 error notarget In most cases you or one of your dependencies are requesting
50 error notarget a package version that doesn't exist.
51 verbose exit [ 1, true ]
